cropper/build/intermediates/manifest_merge_blame_file/cafebazaar/manifest-merger-blame-cafebazaar-report.txt
1<?xml version="1.0" encoding="utf-8"?>
2<manifest xmlns:android="http://schemas.android.com/apk/res/android"
3    package="com.theartofdev.edmodo.cropper"
4    android:versionCode="300001"
5    android:versionName="2.06.00" >
6
7    <uses-sdk
8        android:minSdkVersion="14"
8-->src/main/AndroidManifest.xml
9        android:targetSdkVersion="29" />
9-->src/main/AndroidManifest.xml
10
11</manifest>